<?xml version="1.0" encoding="UTF-8"?>
<testsuites name="View Movie Info" time="72.052" tests="1" failures="0" errors="0">
   <testsuite name="View Movie Info" tests="1" failures="0" errors="0" time="72.052" skipped="0" timestamp="2023-11-17 11:12:41" hostname="REG-LPT-173 - DESKTOP-DUPDD44" id="Test Suites/View Movie Info">
      <properties>
         <property name="deviceName" value="samsung SM-A725F (Android 13)"/>
         <property name="devicePlatform" value=""/>
         <property name="logFolder" value="C:\\Users\\REG-LPT-173\\Katalon Studio\\Cinema App (FAVE)\\Reports\\20231117_111227\\View Movie Info\\20231117_111227"/>
         <property name="logFiles" value="C:\\Users\\REG-LPT-173\\Katalon Studio\\Cinema App (FAVE)\\Reports\\20231117_111227\\View Movie Info\\20231117_111227\\appium.log, C:\\Users\\REG-LPT-173\\Katalon Studio\\Cinema App (FAVE)\\Reports\\20231117_111227\\View Movie Info\\20231117_111227\\execution0.log"/>
         <property name="attachments" value="keyes\keyes-View Movie Info.png, keyes\keyes-Book the movie.png, keyes\keyes-Book the movie button.png, keyes\keyes-Book the movie.png, keyes\keyes-Book the movie.png"/>
         <property name="hostName" value="REG-LPT-173 - DESKTOP-DUPDD44"/>
         <property name="os" value="Windows 11 64bit"/>
         <property name="appiumServerStatus" value="{&quot;value&quot;:{&quot;build&quot;:{&quot;version&quot;:&quot;1.22.3&quot;}},&quot;sessionId&quot;:null,&quot;status&quot;:0}"/>
         <property name="katalonVersion" value="8.6.8.208"/>
         <property name="deviceOS" value="Android"/>
         <property name="appiumVersion" value="1.22.3"/>
         <property name="deviceModel" value="SM-A725F"/>
         <property name="hostAddress" value="172.17.11.226"/>
         <property name="deviceManufacturer" value="samsung"/>
         <property name="deviceId" value="R58R83Q043W"/>
         <property name="deviceName" value="samsung SM-A725F (Android 13)"/>
         <property name="deviceOSVersion" value="13"/>
      </properties>
      <testcase name="Test Cases/View Movie Info/TC_CinemaApp_ML_VI_02" time="71.683" classname="Test Cases/View Movie Info/TC_CinemaApp_ML_VI_02" status="PASSED">
         <system-out><![CDATA[2023-11-17 11:12:41 - [TEST_CASE][PASSED] - Test Cases/View Movie Info/TC_CinemaApp_ML_VI_02: Test Cases/View Movie Info/TC_CinemaApp_ML_VI_02

2023-11-17 11:12:42 - [TEST_STEP][PASSED] - startApplication("C:\Users\REG-LPT-173\Downloads\movie-app-release\movie-app-release.apk", true): Started app at: 'C:\Users\REG-LPT-173\Downloads\movie-app-release\movie-app-release.apk'

2023-11-17 11:12:43 - [MESSAGE][INFO] - Detected NodeJS location: "C:\Program Files\nodejs\node.exe"

2023-11-17 11:12:47 - [MESSAGE][INFO] - Appium server started on port 51,835

2023-11-17 11:13:10 - [MESSAGE][PASSED] - Started app at: 'C:\Users\REG-LPT-173\Downloads\movie-app-release\movie-app-release.apk'

2023-11-17 11:13:10 - [TEST_STEP][PASSED] - tap(findTestObject("View Movie Info/First movie container"), 0): Tapped on element 'Object Repository/View Movie Info/First movie container'

2023-11-17 11:13:10 - [MESSAGE][WARNING] - Timeout '0' is invalid. Using default page load timeout: '30'

2023-11-17 11:13:12 - [MESSAGE][PASSED] - Tapped on element 'Object Repository/View Movie Info/First movie container'

2023-11-17 11:13:12 - [TEST_STEP][PASSED] - delay(2, STOP_ON_FAILURE): Delayed 2 second(s)

2023-11-17 11:13:14 - [MESSAGE][PASSED] - Delayed 2 second(s)

2023-11-17 11:13:14 - [TEST_STEP][PASSED] - takeScreenshotAsCheckpoint("View Movie Info", STOP_ON_FAILURE): Screenshot is taken

2023-11-17 11:13:15 - [MESSAGE][INFO] - 0 hidden object(s)

2023-11-17 11:13:16 - [MESSAGE][PASSED] - Screenshot is taken
[[ATTACHMENT|keyes\keyes-View Movie Info.png]]

2023-11-17 11:13:16 - [TEST_STEP][PASSED] - tap(findTestObject("View Movie Info/BOOK THE MOVIE button"), 0): Tapped on element 'Object Repository/View Movie Info/BOOK THE MOVIE button'

2023-11-17 11:13:16 - [MESSAGE][WARNING] - Timeout '0' is invalid. Using default page load timeout: '30'

2023-11-17 11:13:16 - [MESSAGE][PASSED] - Tapped on element 'Object Repository/View Movie Info/BOOK THE MOVIE button'

2023-11-17 11:13:16 - [TEST_STEP][PASSED] - tap(findTestObject("View Movie Info/Book the movie - back button"), 0): Tapped on element 'Object Repository/View Movie Info/Book the movie - back button'

2023-11-17 11:13:16 - [MESSAGE][WARNING] - Timeout '0' is invalid. Using default page load timeout: '30'

2023-11-17 11:13:18 - [MESSAGE][PASSED] - Tapped on element 'Object Repository/View Movie Info/Book the movie - back button'

2023-11-17 11:13:18 - [TEST_STEP][PASSED] - tap(findTestObject("View Movie Info/Click Back button"), 0): Tapped on element 'Object Repository/View Movie Info/Click Back button'

2023-11-17 11:13:18 - [MESSAGE][WARNING] - Timeout '0' is invalid. Using default page load timeout: '30'

2023-11-17 11:13:19 - [MESSAGE][PASSED] - Tapped on element 'Object Repository/View Movie Info/Click Back button'

2023-11-17 11:13:19 - [TEST_STEP][PASSED] - tap(findTestObject("View Movie Info/Third movie container"), 0): Tapped on element 'Object Repository/View Movie Info/Third movie container'

2023-11-17 11:13:19 - [MESSAGE][WARNING] - Timeout '0' is invalid. Using default page load timeout: '30'

2023-11-17 11:13:20 - [MESSAGE][PASSED] - Tapped on element 'Object Repository/View Movie Info/Third movie container'

2023-11-17 11:13:20 - [TEST_STEP][PASSED] - tap(findTestObject("View Movie Info/BOOK THE MOVIE button"), 0): Tapped on element 'Object Repository/View Movie Info/BOOK THE MOVIE button'

2023-11-17 11:13:20 - [MESSAGE][WARNING] - Timeout '0' is invalid. Using default page load timeout: '30'

2023-11-17 11:13:21 - [MESSAGE][PASSED] - Tapped on element 'Object Repository/View Movie Info/BOOK THE MOVIE button'

2023-11-17 11:13:21 - [TEST_STEP][PASSED] - delay(2, STOP_ON_FAILURE): Delayed 2 second(s)

2023-11-17 11:13:23 - [MESSAGE][PASSED] - Delayed 2 second(s)

2023-11-17 11:13:23 - [TEST_STEP][PASSED] - takeScreenshotAsCheckpoint("Book the movie", STOP_ON_FAILURE): Screenshot is taken

2023-11-17 11:13:24 - [MESSAGE][INFO] - 0 hidden object(s)

2023-11-17 11:13:25 - [MESSAGE][PASSED] - Screenshot is taken
[[ATTACHMENT|keyes\keyes-Book the movie.png]]

2023-11-17 11:13:25 - [TEST_STEP][PASSED] - tap(findTestObject("View Movie Info/Book the movie - back button"), 0): Tapped on element 'Object Repository/View Movie Info/Book the movie - back button'

2023-11-17 11:13:25 - [MESSAGE][WARNING] - Timeout '0' is invalid. Using default page load timeout: '30'

2023-11-17 11:13:26 - [MESSAGE][PASSED] - Tapped on element 'Object Repository/View Movie Info/Book the movie - back button'

2023-11-17 11:13:26 - [TEST_STEP][PASSED] - tap(findTestObject("View Movie Info/Click Back button"), 0): Tapped on element 'Object Repository/View Movie Info/Click Back button'

2023-11-17 11:13:26 - [MESSAGE][WARNING] - Timeout '0' is invalid. Using default page load timeout: '30'

2023-11-17 11:13:27 - [MESSAGE][PASSED] - Tapped on element 'Object Repository/View Movie Info/Click Back button'

2023-11-17 11:13:27 - [TEST_STEP][PASSED] - tap(findTestObject("View Movie Info/Fifth movie container"), 0): Tapped on element 'Object Repository/View Movie Info/Fifth movie container'

2023-11-17 11:13:27 - [MESSAGE][WARNING] - Timeout '0' is invalid. Using default page load timeout: '30'

2023-11-17 11:13:28 - [MESSAGE][PASSED] - Tapped on element 'Object Repository/View Movie Info/Fifth movie container'

2023-11-17 11:13:28 - [TEST_STEP][PASSED] - tap(findTestObject("View Movie Info/BOOK THE MOVIE button"), 0): Tapped on element 'Object Repository/View Movie Info/BOOK THE MOVIE button'

2023-11-17 11:13:28 - [MESSAGE][WARNING] - Timeout '0' is invalid. Using default page load timeout: '30'

2023-11-17 11:13:29 - [MESSAGE][PASSED] - Tapped on element 'Object Repository/View Movie Info/BOOK THE MOVIE button'

2023-11-17 11:13:29 - [TEST_STEP][PASSED] - delay(2, STOP_ON_FAILURE): Delayed 2 second(s)

2023-11-17 11:13:31 - [MESSAGE][PASSED] - Delayed 2 second(s)

2023-11-17 11:13:31 - [TEST_STEP][PASSED] - takeScreenshotAsCheckpoint("Book the movie button", STOP_ON_FAILURE): Screenshot is taken

2023-11-17 11:13:32 - [MESSAGE][INFO] - 0 hidden object(s)

2023-11-17 11:13:33 - [MESSAGE][PASSED] - Screenshot is taken
[[ATTACHMENT|keyes\keyes-Book the movie button.png]]

2023-11-17 11:13:33 - [TEST_STEP][PASSED] - tap(findTestObject("View Movie Info/Book the movie - back button"), 0): Tapped on element 'Object Repository/View Movie Info/Book the movie - back button'

2023-11-17 11:13:33 - [MESSAGE][WARNING] - Timeout '0' is invalid. Using default page load timeout: '30'

2023-11-17 11:13:34 - [MESSAGE][PASSED] - Tapped on element 'Object Repository/View Movie Info/Book the movie - back button'

2023-11-17 11:13:34 - [TEST_STEP][PASSED] - tap(findTestObject("View Movie Info/Click Back button"), 0): Tapped on element 'Object Repository/View Movie Info/Click Back button'

2023-11-17 11:13:34 - [MESSAGE][WARNING] - Timeout '0' is invalid. Using default page load timeout: '30'

2023-11-17 11:13:35 - [MESSAGE][PASSED] - Tapped on element 'Object Repository/View Movie Info/Click Back button'

2023-11-17 11:13:35 - [TEST_STEP][PASSED] - tap(findTestObject("View Movie Info/Seventh movie container"), 0): Tapped on element 'Object Repository/View Movie Info/Seventh movie container'

2023-11-17 11:13:35 - [MESSAGE][WARNING] - Timeout '0' is invalid. Using default page load timeout: '30'

2023-11-17 11:13:36 - [MESSAGE][PASSED] - Tapped on element 'Object Repository/View Movie Info/Seventh movie container'

2023-11-17 11:13:36 - [TEST_STEP][PASSED] - tap(findTestObject("View Movie Info/BOOK THE MOVIE button"), 0): Tapped on element 'Object Repository/View Movie Info/BOOK THE MOVIE button'

2023-11-17 11:13:36 - [MESSAGE][WARNING] - Timeout '0' is invalid. Using default page load timeout: '30'

2023-11-17 11:13:37 - [MESSAGE][PASSED] - Tapped on element 'Object Repository/View Movie Info/BOOK THE MOVIE button'

2023-11-17 11:13:37 - [TEST_STEP][PASSED] - delay(2, STOP_ON_FAILURE): Delayed 2 second(s)

2023-11-17 11:13:39 - [MESSAGE][PASSED] - Delayed 2 second(s)

2023-11-17 11:13:39 - [TEST_STEP][PASSED] - takeScreenshotAsCheckpoint("Book the movie", STOP_ON_FAILURE): Screenshot is taken

2023-11-17 11:13:41 - [MESSAGE][INFO] - 0 hidden object(s)

2023-11-17 11:13:41 - [MESSAGE][PASSED] - Screenshot is taken
[[ATTACHMENT|keyes\keyes-Book the movie.png]]

2023-11-17 11:13:41 - [TEST_STEP][PASSED] - tap(findTestObject("View Movie Info/Book the movie - back button"), 0): Tapped on element 'Object Repository/View Movie Info/Book the movie - back button'

2023-11-17 11:13:41 - [MESSAGE][WARNING] - Timeout '0' is invalid. Using default page load timeout: '30'

2023-11-17 11:13:42 - [MESSAGE][PASSED] - Tapped on element 'Object Repository/View Movie Info/Book the movie - back button'

2023-11-17 11:13:42 - [TEST_STEP][PASSED] - tap(findTestObject("View Movie Info/Click Back button"), 0): Tapped on element 'Object Repository/View Movie Info/Click Back button'

2023-11-17 11:13:42 - [MESSAGE][WARNING] - Timeout '0' is invalid. Using default page load timeout: '30'

2023-11-17 11:13:43 - [MESSAGE][PASSED] - Tapped on element 'Object Repository/View Movie Info/Click Back button'

2023-11-17 11:13:43 - [TEST_STEP][PASSED] - tap(findTestObject("View Movie Info/Ninth movie container"), 0): Tapped on element 'Object Repository/View Movie Info/Ninth movie container'

2023-11-17 11:13:43 - [MESSAGE][WARNING] - Timeout '0' is invalid. Using default page load timeout: '30'

2023-11-17 11:13:44 - [MESSAGE][PASSED] - Tapped on element 'Object Repository/View Movie Info/Ninth movie container'

2023-11-17 11:13:44 - [TEST_STEP][PASSED] - tap(findTestObject("View Movie Info/BOOK THE MOVIE button"), 0): Tapped on element 'Object Repository/View Movie Info/BOOK THE MOVIE button'

2023-11-17 11:13:44 - [MESSAGE][WARNING] - Timeout '0' is invalid. Using default page load timeout: '30'

2023-11-17 11:13:45 - [MESSAGE][PASSED] - Tapped on element 'Object Repository/View Movie Info/BOOK THE MOVIE button'

2023-11-17 11:13:45 - [TEST_STEP][PASSED] - delay(2, STOP_ON_FAILURE): Delayed 2 second(s)

2023-11-17 11:13:47 - [MESSAGE][PASSED] - Delayed 2 second(s)

2023-11-17 11:13:47 - [TEST_STEP][PASSED] - takeScreenshotAsCheckpoint("Book the movie", STOP_ON_FAILURE): Screenshot is taken

2023-11-17 11:13:48 - [MESSAGE][INFO] - 0 hidden object(s)

2023-11-17 11:13:49 - [MESSAGE][PASSED] - Screenshot is taken
[[ATTACHMENT|keyes\keyes-Book the movie.png]]

2023-11-17 11:13:49 - [TEST_STEP][PASSED] - tap(findTestObject("View Movie Info/Book the movie - back button"), 0): Tapped on element 'Object Repository/View Movie Info/Book the movie - back button'

2023-11-17 11:13:49 - [MESSAGE][WARNING] - Timeout '0' is invalid. Using default page load timeout: '30'

2023-11-17 11:13:50 - [MESSAGE][PASSED] - Tapped on element 'Object Repository/View Movie Info/Book the movie - back button'

2023-11-17 11:13:50 - [TEST_STEP][PASSED] - tap(findTestObject("View Movie Info/Click Back button"), 0): Tapped on element 'Object Repository/View Movie Info/Click Back button'

2023-11-17 11:13:50 - [MESSAGE][WARNING] - Timeout '0' is invalid. Using default page load timeout: '30'

2023-11-17 11:13:51 - [MESSAGE][PASSED] - Tapped on element 'Object Repository/View Movie Info/Click Back button'

2023-11-17 11:13:51 - [TEST_STEP][PASSED] - closeApplication(): Close app successfully

2023-11-17 11:13:53 - [MESSAGE][PASSED] - Close app successfully]]></system-out>
         <system-err><![CDATA[]]></system-err>
      </testcase>
      <system-out><![CDATA[2023-11-17 11:12:41 - [TEST_SUITE][PASSED] - View Movie Info: Test Cases/View Movie Info/TC_CinemaApp_ML_VI_02]]></system-out>
      <system-err><![CDATA[]]></system-err>
   </testsuite>
</testsuites>
