<?xml version="1.0" encoding="UTF-8"?>
<testsuites name="View Movie Info" time="54.869" tests="1" failures="0" errors="0">
   <testsuite name="View Movie Info" tests="1" failures="0" errors="0" time="54.869" skipped="0" timestamp="2023-11-17 10:25:40" hostname="REG-LPT-173 - DESKTOP-DUPDD44" id="Test Suites/View Movie Info">
      <properties>
         <property name="deviceName" value="samsung SM-A725F (Android 13)"/>
         <property name="devicePlatform" value=""/>
         <property name="logFolder" value="C:\\Users\\REG-LPT-173\\Katalon Studio\\Cinema App (FAVE)\\Reports\\20231117_102533\\View Movie Info\\20231117_102533"/>
         <property name="logFiles" value="C:\\Users\\REG-LPT-173\\Katalon Studio\\Cinema App (FAVE)\\Reports\\20231117_102533\\View Movie Info\\20231117_102533\\appium.log, C:\\Users\\REG-LPT-173\\Katalon Studio\\Cinema App (FAVE)\\Reports\\20231117_102533\\View Movie Info\\20231117_102533\\execution0.log"/>
         <property name="attachments" value="keyes\keyes-View Movie Info.png, keyes\keyes-View Movie Info.png, keyes\keyes-View Movie Info.png, keyes\keyes-View Movie Info.png, keyes\keyes-View Movie Info.png"/>
         <property name="hostName" value="REG-LPT-173 - DESKTOP-DUPDD44"/>
         <property name="os" value="Windows 11 64bit"/>
         <property name="appiumServerStatus" value="{&quot;value&quot;:{&quot;build&quot;:{&quot;version&quot;:&quot;1.22.3&quot;}},&quot;sessionId&quot;:null,&quot;status&quot;:0}"/>
         <property name="katalonVersion" value="8.6.8.208"/>
         <property name="deviceOS" value="Android"/>
         <property name="appiumVersion" value="1.22.3"/>
         <property name="deviceModel" value="SM-A725F"/>
         <property name="hostAddress" value="172.20.10.2"/>
         <property name="deviceManufacturer" value="samsung"/>
         <property name="deviceId" value="R58R83Q043W"/>
         <property name="deviceName" value="samsung SM-A725F (Android 13)"/>
         <property name="deviceOSVersion" value="13"/>
      </properties>
      <testcase name="Test Cases/View Movie Info/TC_CinemaApp_ML_VI_01" time="54.565" classname="Test Cases/View Movie Info/TC_CinemaApp_ML_VI_01" status="PASSED">
         <system-out><![CDATA[2023-11-17 10:25:40 - [TEST_CASE][PASSED] - Test Cases/View Movie Info/TC_CinemaApp_ML_VI_01: Test Cases/View Movie Info/TC_CinemaApp_ML_VI_01

2023-11-17 10:25:41 - [TEST_STEP][PASSED] - startApplication("C:\Users\REG-LPT-173\Downloads\movie-app-release\movie-app-release.apk", true): Started app at: 'C:\Users\REG-LPT-173\Downloads\movie-app-release\movie-app-release.apk'

2023-11-17 10:25:41 - [MESSAGE][INFO] - Detected NodeJS location: "C:\Program Files\nodejs\node.exe"

2023-11-17 10:25:43 - [MESSAGE][INFO] - Appium server started on port 64,016

2023-11-17 10:26:06 - [MESSAGE][PASSED] - Started app at: 'C:\Users\REG-LPT-173\Downloads\movie-app-release\movie-app-release.apk'

2023-11-17 10:26:06 - [TEST_STEP][PASSED] - tap(findTestObject("View Movie Info/First movie container"), 0): Tapped on element 'Object Repository/View Movie Info/First movie container'

2023-11-17 10:26:06 - [MESSAGE][WARNING] - Timeout '0' is invalid. Using default page load timeout: '30'

2023-11-17 10:26:07 - [MESSAGE][PASSED] - Tapped on element 'Object Repository/View Movie Info/First movie container'

2023-11-17 10:26:07 - [TEST_STEP][PASSED] - delay(2, STOP_ON_FAILURE): Delayed 2 second(s)

2023-11-17 10:26:09 - [MESSAGE][PASSED] - Delayed 2 second(s)

2023-11-17 10:26:09 - [TEST_STEP][PASSED] - takeScreenshotAsCheckpoint("View Movie Info", []): Screenshot is taken

2023-11-17 10:26:11 - [MESSAGE][INFO] - 0 hidden object(s)

2023-11-17 10:26:11 - [MESSAGE][PASSED] - Screenshot is taken
[[ATTACHMENT|keyes\keyes-View Movie Info.png]]

2023-11-17 10:26:11 - [TEST_STEP][PASSED] - tap(findTestObject("View Movie Info/Click Back button"), 0): Tapped on element 'Object Repository/View Movie Info/Click Back button'

2023-11-17 10:26:11 - [MESSAGE][WARNING] - Timeout '0' is invalid. Using default page load timeout: '30'

2023-11-17 10:26:12 - [MESSAGE][PASSED] - Tapped on element 'Object Repository/View Movie Info/Click Back button'

2023-11-17 10:26:12 - [TEST_STEP][PASSED] - tap(findTestObject("View Movie Info/Third movie container"), 0): Tapped on element 'Object Repository/View Movie Info/Third movie container'

2023-11-17 10:26:12 - [MESSAGE][WARNING] - Timeout '0' is invalid. Using default page load timeout: '30'

2023-11-17 10:26:13 - [MESSAGE][PASSED] - Tapped on element 'Object Repository/View Movie Info/Third movie container'

2023-11-17 10:26:13 - [TEST_STEP][PASSED] - delay(2, STOP_ON_FAILURE): Delayed 2 second(s)

2023-11-17 10:26:15 - [MESSAGE][PASSED] - Delayed 2 second(s)

2023-11-17 10:26:15 - [TEST_STEP][PASSED] - takeScreenshotAsCheckpoint("View Movie Info", []): Screenshot is taken

2023-11-17 10:26:16 - [MESSAGE][INFO] - 0 hidden object(s)

2023-11-17 10:26:16 - [MESSAGE][PASSED] - Screenshot is taken
[[ATTACHMENT|keyes\keyes-View Movie Info.png]]

2023-11-17 10:26:16 - [TEST_STEP][PASSED] - tap(findTestObject("View Movie Info/Click Back button"), 0): Tapped on element 'Object Repository/View Movie Info/Click Back button'

2023-11-17 10:26:17 - [MESSAGE][WARNING] - Timeout '0' is invalid. Using default page load timeout: '30'

2023-11-17 10:26:17 - [MESSAGE][PASSED] - Tapped on element 'Object Repository/View Movie Info/Click Back button'

2023-11-17 10:26:17 - [TEST_STEP][PASSED] - tap(findTestObject("View Movie Info/Fifth movie container"), 0): Tapped on element 'Object Repository/View Movie Info/Fifth movie container'

2023-11-17 10:26:17 - [MESSAGE][WARNING] - Timeout '0' is invalid. Using default page load timeout: '30'

2023-11-17 10:26:18 - [MESSAGE][PASSED] - Tapped on element 'Object Repository/View Movie Info/Fifth movie container'

2023-11-17 10:26:18 - [TEST_STEP][PASSED] - delay(2, STOP_ON_FAILURE): Delayed 2 second(s)

2023-11-17 10:26:20 - [MESSAGE][PASSED] - Delayed 2 second(s)

2023-11-17 10:26:20 - [TEST_STEP][PASSED] - takeScreenshotAsCheckpoint("View Movie Info", []): Screenshot is taken

2023-11-17 10:26:22 - [MESSAGE][INFO] - 0 hidden object(s)

2023-11-17 10:26:22 - [MESSAGE][PASSED] - Screenshot is taken
[[ATTACHMENT|keyes\keyes-View Movie Info.png]]

2023-11-17 10:26:22 - [TEST_STEP][PASSED] - tap(findTestObject("View Movie Info/Click Back button"), 0): Tapped on element 'Object Repository/View Movie Info/Click Back button'

2023-11-17 10:26:22 - [MESSAGE][WARNING] - Timeout '0' is invalid. Using default page load timeout: '30'

2023-11-17 10:26:22 - [MESSAGE][PASSED] - Tapped on element 'Object Repository/View Movie Info/Click Back button'

2023-11-17 10:26:22 - [TEST_STEP][PASSED] - tap(findTestObject("View Movie Info/Seventh movie container"), 0): Tapped on element 'Object Repository/View Movie Info/Seventh movie container'

2023-11-17 10:26:23 - [MESSAGE][WARNING] - Timeout '0' is invalid. Using default page load timeout: '30'

2023-11-17 10:26:23 - [MESSAGE][PASSED] - Tapped on element 'Object Repository/View Movie Info/Seventh movie container'

2023-11-17 10:26:23 - [TEST_STEP][PASSED] - delay(2, STOP_ON_FAILURE): Delayed 2 second(s)

2023-11-17 10:26:25 - [MESSAGE][PASSED] - Delayed 2 second(s)

2023-11-17 10:26:26 - [TEST_STEP][PASSED] - takeScreenshotAsCheckpoint("View Movie Info", []): Screenshot is taken

2023-11-17 10:26:27 - [MESSAGE][INFO] - 0 hidden object(s)

2023-11-17 10:26:27 - [MESSAGE][PASSED] - Screenshot is taken
[[ATTACHMENT|keyes\keyes-View Movie Info.png]]

2023-11-17 10:26:27 - [TEST_STEP][PASSED] - tap(findTestObject("View Movie Info/Click Back button"), 0): Tapped on element 'Object Repository/View Movie Info/Click Back button'

2023-11-17 10:26:27 - [MESSAGE][WARNING] - Timeout '0' is invalid. Using default page load timeout: '30'

2023-11-17 10:26:28 - [MESSAGE][PASSED] - Tapped on element 'Object Repository/View Movie Info/Click Back button'

2023-11-17 10:26:28 - [TEST_STEP][PASSED] - tap(findTestObject("View Movie Info/Ninth movie container"), 0): Tapped on element 'Object Repository/View Movie Info/Ninth movie container'

2023-11-17 10:26:28 - [MESSAGE][WARNING] - Timeout '0' is invalid. Using default page load timeout: '30'

2023-11-17 10:26:29 - [MESSAGE][PASSED] - Tapped on element 'Object Repository/View Movie Info/Ninth movie container'

2023-11-17 10:26:29 - [TEST_STEP][PASSED] - delay(2, STOP_ON_FAILURE): Delayed 2 second(s)

2023-11-17 10:26:31 - [MESSAGE][PASSED] - Delayed 2 second(s)

2023-11-17 10:26:31 - [TEST_STEP][PASSED] - takeScreenshotAsCheckpoint("View Movie Info", []): Screenshot is taken

2023-11-17 10:26:32 - [MESSAGE][INFO] - 0 hidden object(s)

2023-11-17 10:26:32 - [MESSAGE][PASSED] - Screenshot is taken
[[ATTACHMENT|keyes\keyes-View Movie Info.png]]

2023-11-17 10:26:32 - [TEST_STEP][PASSED] - tap(findTestObject("View Movie Info/Click Back button"), 0): Tapped on element 'Object Repository/View Movie Info/Click Back button'

2023-11-17 10:26:32 - [MESSAGE][WARNING] - Timeout '0' is invalid. Using default page load timeout: '30'

2023-11-17 10:26:32 - [MESSAGE][PASSED] - Tapped on element 'Object Repository/View Movie Info/Click Back button'

2023-11-17 10:26:32 - [TEST_STEP][PASSED] - closeApplication(): Close app successfully

2023-11-17 10:26:35 - [MESSAGE][PASSED] - Close app successfully]]></system-out>
         <system-err><![CDATA[]]></system-err>
      </testcase>
      <system-out><![CDATA[2023-11-17 10:25:40 - [TEST_SUITE][PASSED] - View Movie Info: Test Cases/View Movie Info/TC_CinemaApp_ML_VI_01]]></system-out>
      <system-err><![CDATA[]]></system-err>
   </testsuite>
</testsuites>
