<?xml version="1.0" encoding="UTF-8"?>
<testsuites name="CinemaList_Sorting" time="36.904" tests="1" failures="0" errors="0">
   <testsuite name="CinemaList_Sorting" tests="1" failures="0" errors="0" time="36.904" skipped="0" timestamp="2023-11-16 16:32:05" hostname="REG-LPT-173 - 172.17.11.226" id="Test Suites/CinemaList_Sorting">
      <properties>
         <property name="deviceName" value="samsung SM-A725F (Android 13)"/>
         <property name="devicePlatform" value=""/>
         <property name="logFolder" value="C:\\Users\\REG-LPT-173\\Katalon Studio\\Cinema App (FAVE)\\Reports\\20231116_163156\\CinemaList_Sorting\\20231116_163156"/>
         <property name="logFiles" value="C:\\Users\\REG-LPT-173\\Katalon Studio\\Cinema App (FAVE)\\Reports\\20231116_163156\\CinemaList_Sorting\\20231116_163156\\appium.log, C:\\Users\\REG-LPT-173\\Katalon Studio\\Cinema App (FAVE)\\Reports\\20231116_163156\\CinemaList_Sorting\\20231116_163156\\execution0.log"/>
         <property name="attachments" value="keyes\keyes-Sort Release Date accending.png, keyes\keyes-Sort Release Date decending.png"/>
         <property name="hostName" value="REG-LPT-173 - 172.17.11.226"/>
         <property name="os" value="Windows 11 64bit"/>
         <property name="appiumServerStatus" value="{&quot;value&quot;:{&quot;build&quot;:{&quot;version&quot;:&quot;1.22.3&quot;}},&quot;sessionId&quot;:null,&quot;status&quot;:0}"/>
         <property name="katalonVersion" value="8.6.8.208"/>
         <property name="deviceOS" value="Android"/>
         <property name="appiumVersion" value="1.22.3"/>
         <property name="deviceModel" value="SM-A725F"/>
         <property name="hostAddress" value="172.17.11.226"/>
         <property name="deviceManufacturer" value="samsung"/>
         <property name="deviceId" value="R58R83Q043W"/>
         <property name="deviceName" value="samsung SM-A725F (Android 13)"/>
         <property name="deviceOSVersion" value="13"/>
      </properties>
      <testcase name="Test Cases/TC_CinemaApp_ML_02" time="36.634" classname="Test Cases/TC_CinemaApp_ML_02" status="PASSED">
         <system-out><![CDATA[2023-11-16 16:32:06 - [TEST_CASE][PASSED] - Test Cases/TC_CinemaApp_ML_02: Test Cases/TC_CinemaApp_ML_02

2023-11-16 16:32:06 - [TEST_STEP][PASSED] - callTestCase(findTestCase("TC_CinemaApp_ML_01"), [:], STOP_ON_FAILURE): Call Test Case 'Test Cases/TC_CinemaApp_ML_01' successfully

2023-11-16 16:32:06 - [TEST_CASE][PASSED] - Test Cases/TC_CinemaApp_ML_01: Test Cases/TC_CinemaApp_ML_01

2023-11-16 16:32:07 - [TEST_STEP][PASSED] - startApplication("C:\Users\REG-LPT-173\Downloads\movie-app-release\movie-app-release.apk", true): Started app at: 'C:\Users\REG-LPT-173\Downloads\movie-app-release\movie-app-release.apk'

2023-11-16 16:32:07 - [MESSAGE][INFO] - Detected NodeJS location: "C:\Program Files\nodejs\node.exe"

2023-11-16 16:32:09 - [MESSAGE][INFO] - Appium server started on port 58,049

2023-11-16 16:32:25 - [MESSAGE][PASSED] - Started app at: 'C:\Users\REG-LPT-173\Downloads\movie-app-release\movie-app-release.apk'

2023-11-16 16:32:25 - [MESSAGE][PASSED] - Call Test Case 'Test Cases/TC_CinemaApp_ML_01' successfully

2023-11-16 16:32:25 - [TEST_STEP][PASSED] - tap(findTestObject("MovieListing_sortings/movieListing_sortButton"), 0): Tapped on element 'Object Repository/MovieListing_sortings/movieListing_sortButton'

2023-11-16 16:32:25 - [MESSAGE][WARNING] - Timeout '0' is invalid. Using default page load timeout: '30'

2023-11-16 16:32:27 - [MESSAGE][PASSED] - Tapped on element 'Object Repository/MovieListing_sortings/movieListing_sortButton'

2023-11-16 16:32:27 - [TEST_STEP][PASSED] - tap(findTestObject("MovieListing_sortings/release date/sortBy - Release date"), 0): Tapped on element 'Object Repository/MovieListing_sortings/release date/sortBy - Release date'

2023-11-16 16:32:27 - [MESSAGE][WARNING] - Timeout '0' is invalid. Using default page load timeout: '30'

2023-11-16 16:32:28 - [MESSAGE][PASSED] - Tapped on element 'Object Repository/MovieListing_sortings/release date/sortBy - Release date'

2023-11-16 16:32:28 - [TEST_STEP][PASSED] - tap(findTestObject("MovieListing_sortings/release date/sortBy - Release date accending and decending"), 0): Tapped on element 'Object Repository/MovieListing_sortings/release date/sortBy - Release date accending and decending'

2023-11-16 16:32:29 - [MESSAGE][WARNING] - Timeout '0' is invalid. Using default page load timeout: '30'

2023-11-16 16:32:29 - [MESSAGE][PASSED] - Tapped on element 'Object Repository/MovieListing_sortings/release date/sortBy - Release date accending and decending'

2023-11-16 16:32:29 - [TEST_STEP][PASSED] - delay(4, STOP_ON_FAILURE): Delayed 4 second(s)

2023-11-16 16:32:33 - [MESSAGE][PASSED] - Delayed 4 second(s)

2023-11-16 16:32:33 - [TEST_STEP][PASSED] - takeScreenshotAsCheckpoint("Sort Release Date accending", []): Screenshot is taken

2023-11-16 16:32:35 - [MESSAGE][INFO] - 0 hidden object(s)

2023-11-16 16:32:35 - [MESSAGE][PASSED] - Screenshot is taken
[[ATTACHMENT|keyes\keyes-Sort Release Date accending.png]]

2023-11-16 16:32:35 - [TEST_STEP][PASSED] - tap(findTestObject("MovieListing_sortings/release date/sortBy - Release date accending and decending"), 0): Tapped on element 'Object Repository/MovieListing_sortings/release date/sortBy - Release date accending and decending'

2023-11-16 16:32:35 - [MESSAGE][WARNING] - Timeout '0' is invalid. Using default page load timeout: '30'

2023-11-16 16:32:36 - [MESSAGE][PASSED] - Tapped on element 'Object Repository/MovieListing_sortings/release date/sortBy - Release date accending and decending'

2023-11-16 16:32:36 - [TEST_STEP][PASSED] - delay(4, STOP_ON_FAILURE): Delayed 4 second(s)

2023-11-16 16:32:40 - [MESSAGE][PASSED] - Delayed 4 second(s)

2023-11-16 16:32:40 - [TEST_STEP][PASSED] - takeScreenshotAsCheckpoint("Sort Release Date decending", []): Screenshot is taken

2023-11-16 16:32:42 - [MESSAGE][INFO] - 0 hidden object(s)

2023-11-16 16:32:42 - [MESSAGE][PASSED] - Screenshot is taken
[[ATTACHMENT|keyes\keyes-Sort Release Date decending.png]]]]></system-out>
         <system-err><![CDATA[]]></system-err>
      </testcase>
      <system-out><![CDATA[2023-11-16 16:32:05 - [TEST_SUITE][PASSED] - CinemaList_Sorting: Test Cases/TC_CinemaApp_ML_02]]></system-out>
      <system-err><![CDATA[]]></system-err>
   </testsuite>
</testsuites>
